TN:
SF:src/repository/mockCatalog.repository.ts
FN:5,create
FN:14,update
FN:18,delete
FN:21,findOne
FN:24,findAll
FNF:5
FNH:2
FNDA:1,create
FNDA:1,update
FNDA:0,delete
FNDA:0,findOne
FNDA:0,findAll
DA:1,1
DA:2,1
DA:3,1
DA:4,1
DA:5,1
DA:6,1
DA:7,1
DA:8,1
DA:9,1
DA:10,1
DA:11,1
DA:12,1
DA:13,1
DA:14,1
DA:15,1
DA:16,1
DA:17,1
DA:18,1
DA:19,0
DA:20,0
DA:21,1
DA:22,0
DA:23,0
DA:24,1
DA:25,0
DA:26,0
DA:27,1
LF:27
LH:21
BRDA:5,0,0,1
BRDA:14,1,0,1
BRF:2
BRH:2
end_of_record
TN:
SF:src/services/catalog.service.ts
FN:5,CatalogService
FN:7,createProduct
FN:15,updateProduct
FN:21,getProduct
FN:27,getProducts
FN:33,deleteProduct
FNF:6
FNH:6
FNDA:10,CatalogService
FNDA:4,createProduct
FNDA:1,updateProduct
FNDA:2,getProduct
FNDA:2,getProducts
FNDA:1,deleteProduct
DA:1,1
DA:2,1
DA:3,1
DA:4,1
DA:5,1
DA:6,1
DA:7,1
DA:8,4
DA:9,4
DA:10,1
DA:11,1
DA:12,1
DA:13,1
DA:14,1
DA:15,1
DA:16,1
DA:17,1
DA:18,1
DA:19,1
DA:20,1
DA:21,1
DA:22,2
DA:23,1
DA:24,1
DA:25,1
DA:26,1
DA:27,1
DA:28,2
DA:29,1
DA:30,1
DA:31,1
DA:32,1
DA:33,1
DA:34,1
DA:35,1
DA:36,1
DA:37,1
DA:38,1
LF:38
LH:38
BRDA:5,0,0,10
BRDA:7,1,0,4
BRDA:9,2,0,2
BRDA:9,3,0,1
BRDA:15,4,0,1
BRDA:21,5,0,2
BRDA:23,6,0,1
BRDA:27,7,0,2
BRDA:29,8,0,1
BRDA:33,9,0,1
BRF:10
BRH:10
end_of_record
